This file contains any messages produced by compilers while
running configure, to aid debugging if configure makes a mistake.

It was created by dieharder configure 3.31.1, which was
generated by GNU Autoconf 2.69.  Invocation command line was

  $ ./configure --prefix=/usr CC=gcc-9 CXX=g++-9

## --------- ##
## Platform. ##
## --------- ##

hostname = msi-hex
uname -m = x86_64
uname -r = 4.19.113-1-MANJARO
uname -s = Linux
uname -v = #1 SMP Wed Mar 25 12:30:45 UTC 2020

/usr/bin/uname -p = unknown
/bin/uname -X     = unknown

/bin/arch              = unknown
/usr/bin/arch -k       = unknown
/usr/convex/getsysinfo = unknown
/usr/bin/hostinfo      = unknown
/bin/machine           = unknown
/usr/bin/oslevel       = unknown
/bin/universe          = unknown

PATH: /home/tommy/.local/bin
PATH: /usr/local/bin
PATH: /usr/bin
PATH: /bin
PATH: /usr/local/sbin
PATH: /usr/lib/jvm/default/bin
PATH: /usr/bin/site_perl
PATH: /usr/bin/vendor_perl
PATH: /usr/bin/core_perl
PATH: /usr/lib/jvm/java-11-openjdk
PATH: /home/tommy/Code/apache-ant-1.10.7/bin


## ----------- ##
## Core tests. ##
## ----------- ##

configure:2314: checking for a BSD-compatible install
configure:2382: result: /usr/bin/install -c
configure:2393: checking whether build environment is sane
configure:2448: result: yes
configure:2597: checking for a thread-safe mkdir -p
configure:2636: result: /usr/bin/mkdir -p
configure:2643: checking for gawk
configure:2659: found /usr/bin/gawk
configure:2670: result: gawk
configure:2681: checking whether make sets $(MAKE)
configure:2703: result: yes
configure:2732: checking whether make supports nested variables
configure:2749: result: yes
configure:2926: checking build system type
configure:2940: result: x86_64-unknown-linux-gnu
configure:2960: checking host system type
configure:2973: result: x86_64-unknown-linux-gnu
configure:3014: checking how to print strings
configure:3041: result: printf
configure:3066: checking whether make supports the include directive
configure:3081: make -f confmf.GNU && cat confinc.out
this is the am__doit target
configure:3084: $? = 0
configure:3103: result: yes (GNU style)
configure:3173: checking for gcc
configure:3200: result: gcc-9
configure:3429: checking for C compiler version
configure:3438: gcc-9 --version >&5
gcc-9 (Arch Linux 9.3.0-5) 9.3.0
Copyright (C) 2019 Free Software Foundation, Inc.
This is free software; see the source for copying conditions.  There is NO
warranty; not even for MERCHANTABILITY or FITNESS FOR A PARTICULAR PURPOSE.

configure:3449: $? = 0
configure:3438: gcc-9 -v >&5
Using built-in specs.
COLLECT_GCC=gcc-9
COLLECT_LTO_WRAPPER=/usr/lib/gcc/x86_64-pc-linux-gnu/9.3.0/lto-wrapper
Target: x86_64-pc-linux-gnu
Configured with: /var/tmp/pamac-build-tommy/gcc9/src/gcc/configure --prefix=/usr --libdir=/usr/lib --libexecdir=/usr/lib --mandir=/usr/share/man --infodir=/usr/share/info --with-pkgversion='Arch Linux 9.3.0-5' --with-bugurl=https://bugs.archlinux.org/ --enable-languages=c,c++,fortran,lto --enable-shared --enable-threads=posix --with-system-zlib --with-isl --enable-__cxa_atexit --disable-libunwind-exceptions --enable-clocale=gnu --disable-libstdcxx-pch --disable-libssp --enable-gnu-unique-object --enable-linker-build-id --enable-lto --enable-plugin --enable-install-libiberty --with-linker-hash-style=gnu --enable-gnu-indirect-function --disable-werror --enable-checking=release --enable-default-pie --enable-default-ssp --enable-cet=auto --program-suffix=-9 --enable-version-specific-runtime-libs --disable-multilib
Thread model: posix
gcc version 9.3.0 (Arch Linux 9.3.0-5) 
configure:3449: $? = 0
configure:3438: gcc-9 -V >&5
gcc-9: error: unrecognized command line option '-V'
gcc-9: fatal error: no input files
compilation terminated.
configure:3449: $? = 1
configure:3438: gcc-9 -qversion >&5
gcc-9: error: unrecognized command line option '-qversion'; did you mean '--version'?
gcc-9: fatal error: no input files
compilation terminated.
configure:3449: $? = 1
configure:3469: checking whether the C compiler works
configure:3491: gcc-9    conftest.c  >&5
configure:3495: $? = 0
configure:3543: result: yes
configure:3546: checking for C compiler default output file name
configure:3548: result: a.out
configure:3554: checking for suffix of executables
configure:3561: gcc-9 -o conftest    conftest.c  >&5
configure:3565: $? = 0
configure:3587: result: 
configure:3609: checking whether we are cross compiling
configure:3617: gcc-9 -o conftest    conftest.c  >&5
configure:3621: $? = 0
configure:3628: ./conftest
configure:3632: $? = 0
configure:3620: result: no
configure:3625: checking for suffix of object files
configure:3647: gcc-9 -c   conftest.c >&5
configure:3651: $? = 0
configure:3672: result: o
configure:3676: checking whether we are using the GNU C compiler
configure:3695: gcc-9 -c   conftest.c >&5
configure:3695: $? = 0
configure:3704: result: yes
configure:3713: checking whether gcc-9 accepts -g
configure:3733: gcc-9 -c -g  conftest.c >&5
configure:3733: $? = 0
configure:3774: result: yes
configure:3791: checking for gcc-9 option to accept ISO C89
configure:3854: gcc-9  -c -g -O2  conftest.c >&5
configure:3854: $? = 0
configure:3867: result: none needed
configure:3892: checking whether gcc-9 understands -c and -o together
configure:3914: gcc-9 -c conftest.c -o conftest2.o
configure:3917: $? = 0
configure:3914: gcc-9 -c conftest.c -o conftest2.o
configure:3917: $? = 0
configure:3929: result: yes
configure:3948: checking dependency style of gcc-9
configure:4059: result: gcc3
configure:4074: checking for a sed that does not truncate output
configure:4138: result: /usr/bin/sed
configure:4156: checking for grep that handles long lines and -e
configure:4214: result: /usr/bin/grep
configure:4219: checking for egrep
configure:4281: result: /usr/bin/grep -E
configure:4286: checking for fgrep
configure:4348: result: /usr/bin/grep -F
configure:4383: checking for ld used by gcc-9
configure:4450: result: /usr/bin/ld
configure:4457: checking if the linker (/usr/bin/ld) is GNU ld
configure:4472: result: yes
configure:4484: checking for BSD- or MS-compatible name lister (nm)
configure:4538: result: /usr/bin/nm -B
configure:4668: checking the name lister (/usr/bin/nm -B) interface
configure:4675: gcc-9 -c -g -O2  conftest.c >&5
configure:4678: /usr/bin/nm -B "conftest.o"
configure:4681: output
0000000000000000 B some_variable
configure:4682: result: BSD nm
configure:4685: checking whether ln -s works
configure:4689: result: yes
configure:4697: checking the maximum length of command line arguments
configure:4828: result: 1572864
configure:4876: checking how to convert x86_64-unknown-linux-gnu file names to x86_64-unknown-linux-gnu format
configure:4916: result: func_convert_file_noop
configure:4923: checking how to convert x86_64-unknown-linux-gnu file names to toolchain format
configure:4943: result: func_convert_file_noop
configure:4950: checking for /usr/bin/ld option to reload object files
configure:4957: result: -r
configure:5031: checking for objdump
configure:5047: found /usr/bin/objdump
configure:5058: result: objdump
configure:5090: checking how to recognize dependent libraries
configure:5290: result: pass_all
configure:5375: checking for dlltool
configure:5405: result: no
configure:5435: checking how to associate runtime and link libraries
configure:5462: result: printf %s\n
configure:5523: checking for ar
configure:5539: found /usr/bin/ar
configure:5550: result: ar
configure:5603: checking for archiver @FILE support
configure:5620: gcc-9 -c -g -O2  conftest.c >&5
configure:5620: $? = 0
configure:5623: ar cr libconftest.a @conftest.lst >&5
configure:5626: $? = 0
configure:5631: ar cr libconftest.a @conftest.lst >&5
ar: conftest.o: No such file or directory
configure:5634: $? = 1
configure:5633: result: @
configure:5691: checking for strip
configure:5707: found /usr/bin/strip
configure:5718: result: strip
configure:5790: checking for ranlib
configure:5806: found /usr/bin/ranlib
configure:5817: result: ranlib
configure:5919: checking command to parse /usr/bin/nm -B output from gcc-9 object
configure:6072: gcc-9 -c -g -O2  conftest.c >&5
configure:6075: $? = 0
configure:6079: /usr/bin/nm -B conftest.o \| sed -n -e 's/^.*[ ]\([ABCDGIRSTW][ABCDGIRSTW]*\)[ ][ ]*\([_A-Za-z][_A-Za-z0-9]*\)$/\1 \2 \2/p' | sed '/ __gnu_lto/d' \> conftest.nm
configure:6082: $? = 0
configure:6148: gcc-9 -o conftest -g -O2   conftest.c conftstm.o >&5
configure:6151: $? = 0
configure:6189: result: ok
configure:6236: checking for sysroot
configure:6266: result: no
configure:6273: checking for a working dd
configure:6311: result: /usr/bin/dd
configure:6315: checking how to truncate binary pipes
configure:6330: result: /usr/bin/dd bs=4096 count=1
configure:6466: gcc-9 -c -g -O2  conftest.c >&5
configure:6469: $? = 0
configure:6659: checking for mt
configure:6689: result: no
configure:6709: checking if : is a manifest tool
configure:6715: : '-?'
configure:6723: result: no
configure:7400: checking how to run the C preprocessor
configure:7431: gcc-9 -E  conftest.c
configure:7431: $? = 0
configure:7445: gcc-9 -E  conftest.c
conftest.c:12:10: fatal error: ac_nonexistent.h: No such file or directory
   12 | #include <ac_nonexistent.h>
      |          ^~~~~~~~~~~~~~~~~~
compilation terminated.
configure:7445: $? = 1
configure: failed program was:
| /* confdefs.h */
| #define PACKAGE_NAME "dieharder"
| #define PACKAGE_TARNAME "dieharder"
| #define PACKAGE_VERSION "3.31.1"
| #define PACKAGE_STRING "dieharder 3.31.1"
| #define PACKAGE_BUGREPORT ""
| #define PACKAGE_URL ""
| #define PACKAGE "dieharder"
| #define VERSION "3.31.1"
| #define RELEASED /**/
| /* end confdefs.h.  */
| #include <ac_nonexistent.h>
configure:7470: result: gcc-9 -E
configure:7490: gcc-9 -E  conftest.c
configure:7490: $? = 0
configure:7504: gcc-9 -E  conftest.c
conftest.c:12:10: fatal error: ac_nonexistent.h: No such file or directory
   12 | #include <ac_nonexistent.h>
      |          ^~~~~~~~~~~~~~~~~~
compilation terminated.
configure:7504: $? = 1
configure: failed program was:
| /* confdefs.h */
| #define PACKAGE_NAME "dieharder"
| #define PACKAGE_TARNAME "dieharder"
| #define PACKAGE_VERSION "3.31.1"
| #define PACKAGE_STRING "dieharder 3.31.1"
| #define PACKAGE_BUGREPORT ""
| #define PACKAGE_URL ""
| #define PACKAGE "dieharder"
| #define VERSION "3.31.1"
| #define RELEASED /**/
| /* end confdefs.h.  */
| #include <ac_nonexistent.h>
configure:7533: checking for ANSI C header files
configure:7553: gcc-9 -c -g -O2  conftest.c >&5
configure:7553: $? = 0
configure:7626: gcc-9 -o conftest -g -O2   conftest.c  >&5
configure:7626: $? = 0
configure:7626: ./conftest
configure:7626: $? = 0
configure:7637: result: yes
configure:7650: checking for sys/types.h
configure:7650: gcc-9 -c -g -O2  conftest.c >&5
configure:7650: $? = 0
configure:7650: result: yes
configure:7650: checking for sys/stat.h
configure:7650: gcc-9 -c -g -O2  conftest.c >&5
configure:7650: $? = 0
configure:7650: result: yes
configure:7650: checking for stdlib.h
configure:7650: gcc-9 -c -g -O2  conftest.c >&5
configure:7650: $? = 0
configure:7650: result: yes
configure:7650: checking for string.h
configure:7650: gcc-9 -c -g -O2  conftest.c >&5
configure:7650: $? = 0
configure:7650: result: yes
configure:7650: checking for memory.h
configure:7650: gcc-9 -c -g -O2  conftest.c >&5
configure:7650: $? = 0
configure:7650: result: yes
configure:7650: checking for strings.h
configure:7650: gcc-9 -c -g -O2  conftest.c >&5
configure:7650: $? = 0
configure:7650: result: yes
configure:7650: checking for inttypes.h
configure:7650: gcc-9 -c -g -O2  conftest.c >&5
configure:7650: $? = 0
configure:7650: result: yes
configure:7650: checking for stdint.h
configure:7650: gcc-9 -c -g -O2  conftest.c >&5
configure:7650: $? = 0
configure:7650: result: yes
configure:7650: checking for unistd.h
configure:7650: gcc-9 -c -g -O2  conftest.c >&5
configure:7650: $? = 0
configure:7650: result: yes
configure:7664: checking for dlfcn.h
configure:7664: gcc-9 -c -g -O2  conftest.c >&5
configure:7664: $? = 0
configure:7664: result: yes
configure:7920: checking for objdir
configure:7935: result: .libs
configure:8199: checking if gcc-9 supports -fno-rtti -fno-exceptions
configure:8217: gcc-9 -c -g -O2  -fno-rtti -fno-exceptions conftest.c >&5
cc1: warning: command line option '-fno-rtti' is valid for C++/D/ObjC++ but not for C
configure:8221: $? = 0
configure:8234: result: no
configure:8592: checking for gcc-9 option to produce PIC
configure:8599: result: -fPIC -DPIC
configure:8607: checking if gcc-9 PIC flag -fPIC -DPIC works
configure:8625: gcc-9 -c -g -O2  -fPIC -DPIC -DPIC conftest.c >&5
configure:8629: $? = 0
configure:8642: result: yes
configure:8671: checking if gcc-9 static flag -static works
configure:8699: result: yes
configure:8714: checking if gcc-9 supports -c -o file.o
configure:8735: gcc-9 -c -g -O2  -o out/conftest2.o conftest.c >&5
configure:8739: $? = 0
configure:8761: result: yes
configure:8769: checking if gcc-9 supports -c -o file.o
configure:8816: result: yes
configure:8849: checking whether the gcc-9 linker (/usr/bin/ld -m elf_x86_64) supports shared libraries
configure:10110: result: yes
configure:10147: checking whether -lc should be explicitly linked in
configure:10155: gcc-9 -c -g -O2  conftest.c >&5
configure:10158: $? = 0
configure:10173: gcc-9 -shared  -fPIC -DPIC conftest.o  -v -Wl,-soname -Wl,conftest -o conftest 2\>\&1 \| /usr/bin/grep  -lc  \>/dev/null 2\>\&1
configure:10176: $? = 0
configure:10190: result: no
configure:10350: checking dynamic linker characteristics
configure:10931: gcc-9 -o conftest -g -O2   -Wl,-rpath -Wl,/foo conftest.c  >&5
configure:10931: $? = 0
configure:11168: result: GNU/Linux ld.so
configure:11290: checking how to hardcode library paths into programs
configure:11315: result: immediate
configure:11863: checking whether stripping libraries is possible
configure:11872: result: yes
configure:11914: checking if libtool supports shared libraries
configure:11916: result: yes
configure:11919: checking whether to build shared libraries
configure:11944: result: yes
configure:11947: checking whether to build static libraries
configure:11951: result: yes
configure:8847: checking for gcc
configure:8874: result: gcc-9
configure:9103: checking for C compiler version
configure:9112: gcc-9 --version >&5
gcc-9 (Arch Linux 9.3.0-5) 9.3.0
Copyright (C) 2019 Free Software Foundation, Inc.
This is free software; see the source for copying conditions.  There is NO
warranty; not even for MERCHANTABILITY or FITNESS FOR A PARTICULAR PURPOSE.

configure:9123: $? = 0
configure:9112: gcc-9 -v >&5
Using built-in specs.
COLLECT_GCC=gcc-9
COLLECT_LTO_WRAPPER=/usr/lib/gcc/x86_64-pc-linux-gnu/9.3.0/lto-wrapper
Target: x86_64-pc-linux-gnu
Configured with: /var/tmp/pamac-build-tommy/gcc9/src/gcc/configure --prefix=/usr --libdir=/usr/lib --libexecdir=/usr/lib --mandir=/usr/share/man --infodir=/usr/share/info --with-pkgversion='Arch Linux 9.3.0-5' --with-bugurl=https://bugs.archlinux.org/ --enable-languages=c,c++,fortran,lto --enable-shared --enable-threads=posix --with-system-zlib --with-isl --enable-__cxa_atexit --disable-libunwind-exceptions --enable-clocale=gnu --disable-libstdcxx-pch --disable-libssp --enable-gnu-unique-object --enable-linker-build-id --enable-lto --enable-plugin --enable-install-libiberty --with-linker-hash-style=gnu --enable-gnu-indirect-function --disable-werror --enable-checking=release --enable-default-pie --enable-default-ssp --enable-cet=auto --program-suffix=-9 --enable-version-specific-runtime-libs --disable-multilib
Thread model: posix
gcc version 9.3.0 (Arch Linux 9.3.0-5) 
configure:9123: $? = 0
configure:9112: gcc-9 -V >&5
gcc-9: error: unrecognized command line option '-V'
gcc-9: fatal error: no input files
compilation terminated.
configure:9123: $? = 1
configure:9112: gcc-9 -qversion >&5
gcc-9: error: unrecognized command line option '-qversion'; did you mean '--version'?
gcc-9: fatal error: no input files
compilation terminated.
configure:9123: $? = 1
configure:9127: checking whether we are using the GNU C compiler
configure:9155: result: yes
configure:9164: checking whether gcc-9 accepts -g
configure:9225: result: yes
configure:9242: checking for gcc-9 option to accept ISO C89
configure:9318: result: none needed
configure:9343: checking whether gcc-9 understands -c and -o together
configure:9380: result: yes
configure:9399: checking dependency style of gcc-9
configure:9510: result: gcc3
configure:9527: checking whether make sets $(MAKE)
configure:9549: result: yes
configure:9588: checking for size_t
configure:9588: gcc-9 -c -g -O2  conftest.c >&5
conftest.c:23: warning: "RELEASED" redefined
   23 | #define RELEASED 1
      | 
conftest.c:10: note: this is the location of the previous definition
   10 | #define RELEASED /**/
      | 
configure:9588: $? = 0
configure:9588: gcc-9 -c -g -O2  conftest.c >&5
conftest.c:23: warning: "RELEASED" redefined
   23 | #define RELEASED 1
      | 
conftest.c:10: note: this is the location of the previous definition
   10 | #define RELEASED /**/
      | 
conftest.c: In function 'main':
conftest.c:61:21: error: expected expression before ')' token
   61 | if (sizeof ((size_t)))
      |                     ^
configure:9588: $? = 1
configure: failed program was:
| /* confdefs.h */
| #define PACKAGE_NAME "dieharder"
| #define PACKAGE_TARNAME "dieharder"
| #define PACKAGE_VERSION "3.31.1"
| #define PACKAGE_STRING "dieharder 3.31.1"
| #define PACKAGE_BUGREPORT ""
| #define PACKAGE_URL ""
| #define PACKAGE "dieharder"
| #define VERSION "3.31.1"
| #define RELEASED /**/
| #define STDC_HEADERS 1
| #define HAVE_SYS_TYPES_H 1
| #define HAVE_SYS_STAT_H 1
| #define HAVE_STDLIB_H 1
| #define HAVE_STRING_H 1
| #define HAVE_MEMORY_H 1
| #define HAVE_STRINGS_H 1
| #define HAVE_INTTYPES_H 1
| #define HAVE_STDINT_H 1
| #define HAVE_UNISTD_H 1
| #define HAVE_DLFCN_H 1
| #define LT_OBJDIR ".libs/"
| #define RELEASED 1
| /* end confdefs.h.  */
| #include <stdio.h>
| #ifdef HAVE_SYS_TYPES_H
| # include <sys/types.h>
| #endif
| #ifdef HAVE_SYS_STAT_H
| # include <sys/stat.h>
| #endif
| #ifdef STDC_HEADERS
| # include <stdlib.h>
| # include <stddef.h>
| #else
| # ifdef HAVE_STDLIB_H
| #  include <stdlib.h>
| # endif
| #endif
| #ifdef HAVE_STRING_H
| # if !defined STDC_HEADERS && defined HAVE_MEMORY_H
| #  include <memory.h>
| # endif
| # include <string.h>
| #endif
| #ifdef HAVE_STRINGS_H
| # include <strings.h>
| #endif
| #ifdef HAVE_INTTYPES_H
| # include <inttypes.h>
| #endif
| #ifdef HAVE_STDINT_H
| # include <stdint.h>
| #endif
| #ifdef HAVE_UNISTD_H
| # include <unistd.h>
| #endif
| int
| main ()
| {
| if (sizeof ((size_t)))
| 	    return 0;
|   ;
|   return 0;
| }
configure:9588: result: yes
configure:9600: checking for working volatile
configure:9619: gcc-9 -c -g -O2  conftest.c >&5
conftest.c:23: warning: "RELEASED" redefined
   23 | #define RELEASED 1
      | 
conftest.c:10: note: this is the location of the previous definition
   10 | #define RELEASED /**/
      | 
configure:9619: $? = 0
configure:9626: result: yes
configure:9634: checking for inline
configure:9650: gcc-9 -c -g -O2  conftest.c >&5
conftest.c:23: warning: "RELEASED" redefined
   23 | #define RELEASED 1
      | 
conftest.c:10: note: this is the location of the previous definition
   10 | #define RELEASED /**/
      | 
configure:9650: $? = 0
configure:9658: result: inline
configure:9696: checking gsl/gsl_sf_gamma.h usability
configure:9696: gcc-9 -c -g -O2  conftest.c >&5
conftest.c:23: warning: "RELEASED" redefined
   23 | #define RELEASED 1
      | 
conftest.c:10: note: this is the location of the previous definition
   10 | #define RELEASED /**/
      | 
configure:9696: $? = 0
configure:9696: result: yes
configure:9696: checking gsl/gsl_sf_gamma.h presence
configure:9696: gcc-9 -E  conftest.c
conftest.c:23: warning: "RELEASED" redefined
   23 | #define RELEASED 1
      | 
conftest.c:10: note: this is the location of the previous definition
   10 | #define RELEASED /**/
      | 
configure:9696: $? = 0
configure:9696: result: yes
configure:9696: checking for gsl/gsl_sf_gamma.h
configure:9696: result: yes
configure:9704: checking for main in -lgslcblas
configure:9723: gcc-9 -o conftest -g -O2   conftest.c -lgslcblas   >&5
conftest.c:23: warning: "RELEASED" redefined
   23 | #define RELEASED 1
      | 
conftest.c:10: note: this is the location of the previous definition
   10 | #define RELEASED /**/
      | 
configure:9723: $? = 0
configure:9732: result: yes
configure:9745: checking for gsl_sf_gamma in -lgsl
configure:9770: gcc-9 -o conftest -g -O2   conftest.c -lgsl  -lgslcblas  >&5
conftest.c:23: warning: "RELEASED" redefined
   23 | #define RELEASED 1
      | 
conftest.c:10: note: this is the location of the previous definition
   10 | #define RELEASED /**/
      | 
configure:9770: $? = 0
configure:9779: result: yes
configure:9799: checking for endianness
configure:9826: gcc-9 -o conftest -g -O2   conftest.c -lgsl -lgslcblas  >&5
conftest.c:23: warning: "RELEASED" redefined
   23 | #define RELEASED 1
      | 
conftest.c:10: note: this is the location of the previous definition
   10 | #define RELEASED /**/
      | 
conftest.c: In function 'main':
conftest.c:33:9: warning: implicit declaration of function 'exit' [-Wimplicit-function-declaration]
   33 |         exit(*c == 1);
      |         ^~~~
conftest.c:33:9: warning: incompatible implicit declaration of built-in function 'exit'
conftest.c:1:1: note: include '<stdlib.h>' or provide a declaration of 'exit'
  +++ |+#include <stdlib.h>
    1 | /* confdefs.h */
configure:9826: $? = 0
configure:9826: ./conftest
configure:9826: $? = 1
configure: program exited with status 1
configure: failed program was:
| /* confdefs.h */
| #define PACKAGE_NAME "dieharder"
| #define PACKAGE_TARNAME "dieharder"
| #define PACKAGE_VERSION "3.31.1"
| #define PACKAGE_STRING "dieharder 3.31.1"
| #define PACKAGE_BUGREPORT ""
| #define PACKAGE_URL ""
| #define PACKAGE "dieharder"
| #define VERSION "3.31.1"
| #define RELEASED /**/
| #define STDC_HEADERS 1
| #define HAVE_SYS_TYPES_H 1
| #define HAVE_SYS_STAT_H 1
| #define HAVE_STDLIB_H 1
| #define HAVE_STRING_H 1
| #define HAVE_MEMORY_H 1
| #define HAVE_STRINGS_H 1
| #define HAVE_INTTYPES_H 1
| #define HAVE_STDINT_H 1
| #define HAVE_UNISTD_H 1
| #define HAVE_DLFCN_H 1
| #define LT_OBJDIR ".libs/"
| #define RELEASED 1
| #define HAVE_LIBGSLCBLAS 1
| #define HAVE_LIBGSL 1
| /* end confdefs.h.  */
| 
| int
| main ()
| {
|         long val = 1;
|         char *c = (char *) &val;
|         exit(*c == 1);
| 
|   ;
|   return 0;
| }
| 
configure:9841: result: little
configure:9857: checking for an ANSI C-conforming const
configure:9923: gcc-9 -c -g -O2  conftest.c >&5
conftest.c:23: warning: "RELEASED" redefined
   23 | #define RELEASED 1
      | 
conftest.c:10: note: this is the location of the previous definition
   10 | #define RELEASED /**/
      | 
configure:9923: $? = 0
configure:9930: result: yes
configure:9938: checking for size_t
configure:9938: result: yes
configure:9949: checking whether time.h and sys/time.h may both be included
configure:9969: gcc-9 -c -g -O2  conftest.c >&5
conftest.c:23: warning: "RELEASED" redefined
   23 | #define RELEASED 1
      | 
conftest.c:10: note: this is the location of the previous definition
   10 | #define RELEASED /**/
      | 
configure:9969: $? = 0
configure:9976: result: yes
configure:10093: checking that generated files are newer than configure
configure:10099: result: done
configure:10126: creating ./config.status

## ---------------------- ##
## Running config.status. ##
## ---------------------- ##

This file was extended by dieharder config.status 3.31.1, which was
generated by GNU Autoconf 2.69.  Invocation command line was

  CONFIG_FILES    = 
  CONFIG_HEADERS  = 
  CONFIG_LINKS    = 
  CONFIG_COMMANDS = 
  $ ./config.status 

on msi-hex

config.status:1106: creating dieharder_version.h
config.status:1106: creating dieharder.spec
config.status:1106: creating dieharder.html
config.status:1106: creating dieharder-config
config.status:1106: creating dieharder/Makefile
config.status:1106: creating include/Makefile
config.status:1106: creating libdieharder/Makefile
config.status:1106: creating manual/Makefile
config.status:1106: creating manual/macros.tex
config.status:1106: creating Makefile
config.status:1106: creating config.h
config.status:1287: config.h is unchanged
config.status:1335: executing depfiles commands
config.status:1412: cd dieharder       && sed -e '/# am--include-marker/d' Makefile         | make -f - am--depfiles
make: Nothing to be done for 'am--depfiles'.
config.status:1417: $? = 0
config.status:1412: cd libdieharder       && sed -e '/# am--include-marker/d' Makefile         | make -f - am--depfiles
make: Nothing to be done for 'am--depfiles'.
config.status:1417: $? = 0
config.status:1335: executing libtool commands

## ---------------- ##
## Cache variables. ##
## ---------------- ##

ac_cv_build=x86_64-unknown-linux-gnu
ac_cv_c_compiler_gnu=yes
ac_cv_c_const=yes
ac_cv_c_endian=little
ac_cv_c_inline=inline
ac_cv_c_volatile=yes
ac_cv_env_CC_set=set
ac_cv_env_CC_value=gcc-9
ac_cv_env_CFLAGS_set=
ac_cv_env_CFLAGS_value=
ac_cv_env_CPPFLAGS_set=
ac_cv_env_CPPFLAGS_value=
ac_cv_env_CPP_set=
ac_cv_env_CPP_value=
ac_cv_env_LDFLAGS_set=
ac_cv_env_LDFLAGS_value=
ac_cv_env_LIBS_set=
ac_cv_env_LIBS_value=
ac_cv_env_LT_SYS_LIBRARY_PATH_set=
ac_cv_env_LT_SYS_LIBRARY_PATH_value=
ac_cv_env_build_alias_set=
ac_cv_env_build_alias_value=
ac_cv_env_host_alias_set=
ac_cv_env_host_alias_value=
ac_cv_env_target_alias_set=
ac_cv_env_target_alias_value=
ac_cv_header_dlfcn_h=yes
ac_cv_header_gsl_gsl_sf_gamma_h=yes
ac_cv_header_inttypes_h=yes
ac_cv_header_memory_h=yes
ac_cv_header_stdc=yes
ac_cv_header_stdint_h=yes
ac_cv_header_stdlib_h=yes
ac_cv_header_string_h=yes
ac_cv_header_strings_h=yes
ac_cv_header_sys_stat_h=yes
ac_cv_header_sys_types_h=yes
ac_cv_header_time=yes
ac_cv_header_unistd_h=yes
ac_cv_host=x86_64-unknown-linux-gnu
ac_cv_lib_gsl_gsl_sf_gamma=yes
ac_cv_lib_gslcblas_main=yes
ac_cv_objext=o
ac_cv_path_EGREP='/usr/bin/grep -E'
ac_cv_path_FGREP='/usr/bin/grep -F'
ac_cv_path_GREP=/usr/bin/grep
ac_cv_path_SED=/usr/bin/sed
ac_cv_path_install='/usr/bin/install -c'
ac_cv_path_lt_DD=/usr/bin/dd
ac_cv_path_mkdir=/usr/bin/mkdir
ac_cv_prog_AWK=gawk
ac_cv_prog_CPP='gcc-9 -E'
ac_cv_prog_ac_ct_AR=ar
ac_cv_prog_ac_ct_CC=gcc-9
ac_cv_prog_ac_ct_OBJDUMP=objdump
ac_cv_prog_ac_ct_RANLIB=ranlib
ac_cv_prog_ac_ct_STRIP=strip
ac_cv_prog_cc_c89=
ac_cv_prog_cc_g=yes
ac_cv_prog_make_make_set=yes
ac_cv_type_size_t=yes
am_cv_CC_dependencies_compiler_type=gcc3
am_cv_make_support_nested_variables=yes
am_cv_prog_cc_c_o=yes
lt_cv_ar_at_file=@
lt_cv_archive_cmds_need_lc=no
lt_cv_deplibs_check_method=pass_all
lt_cv_file_magic_cmd='$MAGIC_CMD'
lt_cv_file_magic_test_file=
lt_cv_ld_reload_flag=-r
lt_cv_nm_interface='BSD nm'
lt_cv_objdir=.libs
lt_cv_path_LD=/usr/bin/ld
lt_cv_path_NM='/usr/bin/nm -B'
lt_cv_path_mainfest_tool=no
lt_cv_prog_compiler_c_o=yes
lt_cv_prog_compiler_pic='-fPIC -DPIC'
lt_cv_prog_compiler_pic_works=yes
lt_cv_prog_compiler_rtti_exceptions=no
lt_cv_prog_compiler_static_works=yes
lt_cv_prog_gnu_ld=yes
lt_cv_sharedlib_from_linklib_cmd='printf %s\n'
lt_cv_shlibpath_overrides_runpath=no
lt_cv_sys_global_symbol_pipe='sed -n -e '\''s/^.*[	 ]\([ABCDGIRSTW][ABCDGIRSTW]*\)[	 ][	 ]*\([_A-Za-z][_A-Za-z0-9]*\)$/\1 \2 \2/p'\'' | sed '\''/ __gnu_lto/d'\'''
lt_cv_sys_global_symbol_to_c_name_address='sed -n -e '\''s/^: \(.*\) .*$/  {"\1", (void *) 0},/p'\'' -e '\''s/^[ABCDGIRSTW][ABCDGIRSTW]* .* \(.*\)$/  {"\1", (void *) \&\1},/p'\'''
lt_cv_sys_global_symbol_to_c_name_address_lib_prefix='sed -n -e '\''s/^: \(.*\) .*$/  {"\1", (void *) 0},/p'\'' -e '\''s/^[ABCDGIRSTW][ABCDGIRSTW]* .* \(lib.*\)$/  {"\1", (void *) \&\1},/p'\'' -e '\''s/^[ABCDGIRSTW][ABCDGIRSTW]* .* \(.*\)$/  {"lib\1", (void *) \&\1},/p'\'''
lt_cv_sys_global_symbol_to_cdecl='sed -n -e '\''s/^T .* \(.*\)$/extern int \1();/p'\'' -e '\''s/^[ABCDGIRSTW][ABCDGIRSTW]* .* \(.*\)$/extern char \1;/p'\'''
lt_cv_sys_global_symbol_to_import=
lt_cv_sys_max_cmd_len=1572864
lt_cv_to_host_file_cmd=func_convert_file_noop
lt_cv_to_tool_file_cmd=func_convert_file_noop
lt_cv_truncate_bin='/usr/bin/dd bs=4096 count=1'

## ----------------- ##
## Output variables. ##
## ----------------- ##

ACLOCAL='/bin/sh ./missing --run aclocal'
ACLOCAL_AMFLAGS='-I m4'
ACTAR='/bin/sh ./missing --run tar'
AMDEPBACKSLASH='\'
AMDEP_FALSE='#'
AMDEP_TRUE=''
AMTAR='$${TAR-tar}'
AM_BACKSLASH='\'
AM_DEFAULT_V='$(AM_DEFAULT_VERBOSITY)'
AM_DEFAULT_VERBOSITY='1'
AM_V='$(V)'
AR='ar'
AUTOCONF='/bin/sh ./missing --run autoconf;echo "Run ./configure";exit'
AUTOHEADER='/bin/sh ./missing --run autoheader'
AUTOMAKE='/bin/sh ./missing --run automake --add-missing --copy --gnu'
AWK='gawk'
CC='gcc-9'
CCDEPMODE='depmode=gcc3'
CFLAGS='-g -O2'
CPP='gcc-9 -E'
CPPFLAGS=''
CYGPATH_W='echo'
DEFS='-DHAVE_CONFIG_H'
DEPDIR='.deps'
DIEHARDER_CFLAGS='-I${prefix}/include'
DIEHARDER_LIBS='-L${exec_prefix}/lib -ldieharder'
DIEHARDER_LIB_VERSION='3.31.1'
DIEHARDER_LT_VERSION='3:31:1'
DLLTOOL='false'
DSYMUTIL=''
DUMPBIN=''
ECHO_C=''
ECHO_N='-n'
ECHO_T=''
EGREP='/usr/bin/grep -E'
EXEEXT=''
FGREP='/usr/bin/grep -F'
GREP='/usr/bin/grep'
INSTALL_DATA='${INSTALL} -m 644'
INSTALL_PROGRAM='${INSTALL}'
INSTALL_SCRIPT='${INSTALL}'
INSTALL_STRIP_PROGRAM='$(install_sh) -c -s'
LD='/usr/bin/ld -m elf_x86_64'
LDFLAGS=''
LIBOBJS=''
LIBS='-lgsl -lgslcblas '
LIBTOOL='$(SHELL) $(top_builddir)/libtool'
LIBTOOL_DEPS='./ltmain.sh'
LIPO=''
LITTLE_ENDIAN='1'
LN_S='ln -s'
LTLIBOBJS=''
LT_SYS_LIBRARY_PATH=''
MAKEINFO='${SHELL} /run/media/tommy/Data/OtherCode/dieharder-3.31.1/missing makeinfo'
MANIFEST_TOOL=':'
MKDIR_P='/usr/bin/mkdir -p'
NM='/usr/bin/nm -B'
NMEDIT=''
OBJDUMP='objdump'
OBJEXT='o'
OTOOL64=''
OTOOL=''
PACKAGE='dieharder'
PACKAGE_BUGREPORT=''
PACKAGE_NAME='dieharder'
PACKAGE_STRING='dieharder 3.31.1'
PACKAGE_TARNAME='dieharder'
PACKAGE_URL=''
PACKAGE_VERSION='3.31.1'
PATH_SEPARATOR=':'
RANLIB='ranlib'
RELEASE='1'
RELEASED=''
SED='/usr/bin/sed'
SET_MAKE=''
SHELL='/bin/sh'
STRIP='strip'
VERSION='3.31.1'
ac_ct_AR='ar'
ac_ct_CC='gcc-9'
ac_ct_DUMPBIN=''
am__EXEEXT_FALSE=''
am__EXEEXT_TRUE='#'
am__fastdepCC_FALSE='#'
am__fastdepCC_TRUE=''
am__include='include'
am__isrc=''
am__leading_dot='.'
am__nodep='_no'
am__quote=''
am__tar='$${TAR-tar} chof - "$$tardir"'
am__untar='$${TAR-tar} xf -'
bindir='${exec_prefix}/bin'
build='x86_64-unknown-linux-gnu'
build_alias=''
build_cpu='x86_64'
build_os='linux-gnu'
build_vendor='unknown'
datadir='${datarootdir}'
datarootdir='${prefix}/share'
dieharder_CFLAGS='-std=c99 -Wall -pedantic -I${prefix}/include'
docdir='${datarootdir}/doc/${PACKAGE_TARNAME}'
dvidir='${docdir}'
exec_prefix='${prefix}'
host='x86_64-unknown-linux-gnu'
host_alias=''
host_cpu='x86_64'
host_os='linux-gnu'
host_vendor='unknown'
htmldir='${docdir}'
includedir='${prefix}/include'
infodir='${datarootdir}/info'
install_sh='${SHELL} /run/media/tommy/Data/OtherCode/dieharder-3.31.1/install-sh'
libdieharder_lo_CFLAGS='-Wall -pedantic -I${prefix}/include'
libdir='${exec_prefix}/lib'
libexecdir='${exec_prefix}/libexec'
localedir='${datarootdir}/locale'
localstatedir='${prefix}/var'
mandir='${datarootdir}/man'
mkdir_p='$(MKDIR_P)'
oldincludedir='/usr/include'
pdfdir='${docdir}'
prefix='/usr'
program_transform_name='s,x,x,'
psdir='${docdir}'
sbindir='${exec_prefix}/sbin'
sharedstatedir='${prefix}/com'
sysconfdir='${prefix}/etc'
target_alias=''

## ----------- ##
## confdefs.h. ##
## ----------- ##

/* confdefs.h */
#define PACKAGE_NAME "dieharder"
#define PACKAGE_TARNAME "dieharder"
#define PACKAGE_VERSION "3.31.1"
#define PACKAGE_STRING "dieharder 3.31.1"
#define PACKAGE_BUGREPORT ""
#define PACKAGE_URL ""
#define PACKAGE "dieharder"
#define VERSION "3.31.1"
#define RELEASED /**/
#define STDC_HEADERS 1
#define HAVE_SYS_TYPES_H 1
#define HAVE_SYS_STAT_H 1
#define HAVE_STDLIB_H 1
#define HAVE_STRING_H 1
#define HAVE_MEMORY_H 1
#define HAVE_STRINGS_H 1
#define HAVE_INTTYPES_H 1
#define HAVE_STDINT_H 1
#define HAVE_UNISTD_H 1
#define HAVE_DLFCN_H 1
#define LT_OBJDIR ".libs/"
#define RELEASED 1
#define HAVE_LIBGSLCBLAS 1
#define HAVE_LIBGSL 1
#define TIME_WITH_SYS_TIME 1

configure: exit 0

## ---------------------- ##
## Running config.status. ##
## ---------------------- ##

This file was extended by dieharder config.status 3.31.1, which was
generated by GNU Autoconf 2.69.  Invocation command line was

  CONFIG_FILES    = 
  CONFIG_HEADERS  = 
  CONFIG_LINKS    = 
  CONFIG_COMMANDS = 
  $ ./config.status libdieharder/Makefile depfiles

on msi-hex

config.status:1106: creating libdieharder/Makefile
config.status:1335: executing depfiles commands
config.status:1412: cd libdieharder       && sed -e '/# am--include-marker/d' Makefile         | make -f - am--depfiles
make[2]: Entering directory '/run/media/tommy/Data/OtherCode/dieharder-3.31.1/libdieharder'
make[2]: Leaving directory '/run/media/tommy/Data/OtherCode/dieharder-3.31.1/libdieharder'
config.status:1417: $? = 0
